# Logfile created on Tue Jun 09 15:35:01 -0500 2009** SubdomainFu: initialized properly
** SubdomainFu: initialized properly
** SubdomainFu: initialized properly
  [4;36;1mSQL (0.1ms)[0m   [0;1mSET NAMES 'utf8'[0m
  [4;35;1mSQL (0.1ms)[0m   [0mSET SQL_AUTO_IS_NULL=0[0m
  [4;36;1mSQL (0.4ms)[0m   [0;1mSHOW TABLES[0m
  [4;35;1mSQL (0.1ms)[0m   [0mSELECT version FROM schema_migrations[0m
Migrating to CreatePosts (20090603212453)
Migrating to CreateUsers (20090604064154)
Migrating to AddUsersOpenidField (20090604074154)
  [4;36;1mSQL (0.0ms)[0m   [0;1mMysql::Error: Duplicate column name 'openid_identifier': ALTER TABLE `users` ADD `openid_identifier` varchar(255)[0m
** SubdomainFu: initialized properly
  [4;36;1mSQL (0.1ms)[0m   [0;1mSET NAMES 'utf8'[0m
  [4;35;1mSQL (0.1ms)[0m   [0mSET SQL_AUTO_IS_NULL=0[0m
  [4;36;1mSQL (0.2ms)[0m   [0;1mSHOW TABLES[0m
  [4;35;1mSQL (0.1ms)[0m   [0mSELECT version FROM schema_migrations[0m
Migrating to CreatePosts (20090603212453)
Migrating to CreateUsers (20090604064154)
Migrating to AddUsersOpenidField (20090604074154)
  [4;36;1mSQL (0.7ms)[0m   [0;1mSHOW FIELDS FROM `users`[0m
  [4;35;1mSQL (40.1ms)[0m   [0mALTER TABLE `users` CHANGE `username` `username` varchar(255) DEFAULT NULL[0m
  [4;36;1mSQL (1.3ms)[0m   [0;1mSHOW FIELDS FROM `users`[0m
  [4;35;1mSQL (7.5ms)[0m   [0mALTER TABLE `users` CHANGE `crypted_password` `crypted_password` varchar(255) DEFAULT NULL[0m
  [4;36;1mSQL (1.2ms)[0m   [0;1mSHOW FIELDS FROM `users`[0m
  [4;35;1mSQL (10.6ms)[0m   [0mALTER TABLE `users` CHANGE `password_salt` `password_salt` varchar(255) DEFAULT NULL[0m
  [4;36;1mSQL (0.7ms)[0m   [0;1mINSERT INTO schema_migrations (version) VALUES ('20090604074154')[0m
Migrating to AddOpenIdAuthenticationTables (20090604082638)
Migrating to AddCreatedByToPosts (20090608074110)
Migrating to CreateComments (20090609203502)
  [4;35;1mSQL (4.6ms)[0m   [0mCREATE TABLE `comments` (`id` int(11) DEFAULT NULL auto_increment PRIMARY KEY, `post_id` int(11), `comment` text, `created_at` datetime, `updated_at` datetime) ENGINE=InnoDB[0m
  [4;36;1mSQL (0.6ms)[0m   [0;1mINSERT INTO schema_migrations (version) VALUES ('20090609203502')[0m
  [4;35;1mSQL (0.4ms)[0m   [0mSHOW TABLES[0m
  [4;36;1mSQL (0.2ms)[0m   [0;1mSELECT version FROM schema_migrations[0m
  [4;35;1mSQL (0.2ms)[0m   [0mSHOW TABLES[0m
  [4;36;1mSQL (0.9ms)[0m   [0;1mSHOW FIELDS FROM `comments`[0m
  [4;35;1mSQL (1.1ms)[0m   [0mdescribe `comments`[0m
  [4;36;1mSQL (0.3ms)[0m   [0;1mSHOW KEYS FROM `comments`[0m
  [4;35;1mSQL (14.9ms)[0m   [0mSHOW FIELDS FROM `open_id_authentication_associations`[0m
  [4;36;1mSQL (1.1ms)[0m   [0;1mdescribe `open_id_authentication_associations`[0m
  [4;35;1mSQL (0.3ms)[0m   [0mSHOW KEYS FROM `open_id_authentication_associations`[0m
  [4;36;1mSQL (16.6ms)[0m   [0;1mSHOW FIELDS FROM `open_id_authentication_nonces`[0m
  [4;35;1mSQL (0.5ms)[0m   [0mdescribe `open_id_authentication_nonces`[0m
  [4;36;1mSQL (0.2ms)[0m   [0;1mSHOW KEYS FROM `open_id_authentication_nonces`[0m
  [4;35;1mSQL (0.5ms)[0m   [0mSHOW FIELDS FROM `posts`[0m
  [4;36;1mSQL (0.5ms)[0m   [0;1mdescribe `posts`[0m
  [4;35;1mSQL (0.2ms)[0m   [0mSHOW KEYS FROM `posts`[0m
  [4;36;1mSQL (0.7ms)[0m   [0;1mSHOW FIELDS FROM `users`[0m
  [4;35;1mSQL (0.7ms)[0m   [0mdescribe `users`[0m
  [4;36;1mSQL (0.2ms)[0m   [0;1mSHOW KEYS FROM `users`[0m
